<?xml version="1.0" encoding="UTF-8"?>
<!-- Generated by org.testng.reporters.JUnitReportReporter -->
<testsuite skipped="0" hostname="LJaerdeMacBook-Pro.local" name="org.springframework.test.context.cache.ClassLevelDirtiesContextTestNGTests$ClassLevelDirtiesContextWithDirtyMethodsTestCase" tests="1" failures="0" timestamp="30 四月 2020 07:04:05 GMT" time="0.004" errors="0">
  <testcase name="dirtyContext" time="0.004" classname="org.springframework.test.context.cache.ClassLevelDirtiesContextTestNGTests$ClassLevelDirtiesContextWithDirtyMethodsTestCase"/>
</testsuite> <!-- org.springframework.test.context.cache.ClassLevelDirtiesContextTestNGTests$ClassLevelDirtiesContextWithDirtyMethodsTestCase -->
