<?xml version="1.0" encoding="UTF-8"?>
<!-- Generated by org.testng.reporters.JUnitReportReporter -->
<testsuite skipped="0" hostname="LJaerdeMacBook-Pro.local" name="org.springframework.test.context.cache.ClassLevelDirtiesContextTestNGTests$CleanTestCase" tests="1" failures="0" timestamp="30 四月 2020 07:04:05 GMT" time="0.001" errors="0">
  <testcase name="verifyContextWasAutowired" time="0.001" classname="org.springframework.test.context.cache.ClassLevelDirtiesContextTestNGTests$CleanTestCase"/>
</testsuite> <!-- org.springframework.test.context.cache.ClassLevelDirtiesContextTestNGTests$CleanTestCase -->
