<?xml version="1.0" encoding="UTF-8"?>
<!-- Generated by org.testng.reporters.JUnitReportReporter -->
<testsuite skipped="0" hostname="LJaerdeMacBook-Pro.local" name="org.springframework.test.context.cache.ClassLevelDirtiesContextTestNGTests$InheritedClassLevelDirtiesContextWithAfterEachTestMethodModeTestCase" tests="3" failures="0" timestamp="30 四月 2020 07:04:04 GMT" time="0.022" errors="0">
  <testcase name="verifyContextWasAutowired2" time="0.009" classname="org.springframework.test.context.cache.ClassLevelDirtiesContextTestNGTests$InheritedClassLevelDirtiesContextWithAfterEachTestMethodModeTestCase"/>
  <testcase name="verifyContextWasAutowired1" time="0.002" classname="org.springframework.test.context.cache.ClassLevelDirtiesContextTestNGTests$InheritedClassLevelDirtiesContextWithAfterEachTestMethodModeTestCase"/>
  <testcase name="verifyContextWasAutowired3" time="0.011" classname="org.springframework.test.context.cache.ClassLevelDirtiesContextTestNGTests$InheritedClassLevelDirtiesContextWithAfterEachTestMethodModeTestCase"/>
</testsuite> <!-- org.springframework.test.context.cache.ClassLevelDirtiesContextTestNGTests$InheritedClassLevelDirtiesContextWithAfterEachTestMethodModeTestCase -->
